[ 2015-06-03T21:39:29+08:00 ] 127.0.0.1 /Admin/Merchant/show
INFO: [ app_begin ] --START--
INFO: Run Behavior\ReadHtmlCacheBehavior [ RunTime:0.001000s ]
INFO: [ app_begin ] --END-- [ RunTime:0.002000s ]
NOTIC: [2048] Declaration of Admin\Controller\MerchantController::show() should be compatible with Think\Controller::show($content, $charset = '', $contentType = '', $prefix = '') F:\wamp\www\food\Application\Admin\Controller\MerchantController.class.php 第 4 行.
SQL: SHOW COLUMNS FROM `merchant` [ RunTime:0.0070s ]
SQL: SHOW COLUMNS FROM `order` [ RunTime:0.0070s ]
SQL: SHOW COLUMNS FROM `food` [ RunTime:0.0070s ]
SQL: SELECT * FROM `merchant` WHERE `id` = 1 LIMIT 1   [ RunTime:0.1810s ]

[ 2015-06-03T22:42:50+08:00 ] 127.0.0.1 /Admin/Merchant/show
INFO: [ app_begin ] --START--
INFO: Run Behavior\ReadHtmlCacheBehavior [ RunTime:0.002000s ]
INFO: [ app_begin ] --END-- [ RunTime:0.004001s ]
NOTIC: [2048] Declaration of Admin\Controller\MerchantController::show() should be compatible with Think\Controller::show($content, $charset = '', $contentType = '', $prefix = '') F:\wamp\www\food\Application\Admin\Controller\MerchantController.class.php 第 4 行.
SQL: SHOW COLUMNS FROM `merchant` [ RunTime:0.0070s ]
SQL: SHOW COLUMNS FROM `order` [ RunTime:0.0200s ]
SQL: SHOW COLUMNS FROM `food` [ RunTime:0.0070s ]
SQL: SELECT * FROM `merchant` WHERE `id` = 1 LIMIT 1   [ RunTime:0.0010s ]

[ 2015-06-03T22:44:43+08:00 ] 127.0.0.1 /Admin/Merchant/show
INFO: [ app_begin ] --START--
INFO: Run Behavior\ReadHtmlCacheBehavior [ RunTime:0.003000s ]
INFO: [ app_begin ] --END-- [ RunTime:0.005000s ]
NOTIC: [2048] Declaration of Admin\Controller\MerchantController::show() should be compatible with Think\Controller::show($content, $charset = '', $contentType = '', $prefix = '') F:\wamp\www\food\Application\Admin\Controller\MerchantController.class.php 第 4 行.
SQL: SHOW COLUMNS FROM `merchant` [ RunTime:0.0120s ]
SQL: SHOW COLUMNS FROM `order` [ RunTime:0.0180s ]
SQL: SHOW COLUMNS FROM `food` [ RunTime:0.0180s ]
SQL: SELECT * FROM `merchant` WHERE `id` = 1 LIMIT 1   [ RunTime:0.0030s ]

