[ 2015-06-02T21:20:04+08:00 ] 127.0.0.1 /Admin/Merchant/show
INFO: [ app_begin ] --START--
INFO: Run Behavior\ReadHtmlCacheBehavior [ RunTime:0.011000s ]
INFO: [ app_begin ] --END-- [ RunTime:0.015000s ]
NOTIC: [2048] Declaration of Admin\Controller\MerchantController::show() should be compatible with Think\Controller::show($content, $charset = '', $contentType = '', $prefix = '') F:\wamp\www\food\Application\Admin\Controller\MerchantController.class.php 第 4 行.
SQL: SHOW COLUMNS FROM `merchant` [ RunTime:0.0170s ]
SQL: SELECT * FROM `merchant` WHERE `id` = 1 LIMIT 1   [ RunTime:0.0830s ]

[ 2015-06-02T21:28:47+08:00 ] 127.0.0.1 /Admin/Merchant/show
INFO: [ app_begin ] --START--
INFO: Run Behavior\ReadHtmlCacheBehavior [ RunTime:0.062004s ]
INFO: [ app_begin ] --END-- [ RunTime:0.065004s ]
NOTIC: [2048] Declaration of Admin\Controller\MerchantController::show() should be compatible with Think\Controller::show($content, $charset = '', $contentType = '', $prefix = '') F:\wamp\www\food\Application\Admin\Controller\MerchantController.class.php 第 4 行.
SQL: SHOW COLUMNS FROM `merchant` [ RunTime:0.0160s ]
SQL: SELECT * FROM `merchant` WHERE `id` = 1 LIMIT 1   [ RunTime:0.0020s ]

[ 2015-06-02T21:28:55+08:00 ] 127.0.0.1 /Admin/Merchant/show
INFO: [ app_begin ] --START--
INFO: Run Behavior\ReadHtmlCacheBehavior [ RunTime:0.003000s ]
INFO: [ app_begin ] --END-- [ RunTime:0.006000s ]
NOTIC: [2048] Declaration of Admin\Controller\MerchantController::show() should be compatible with Think\Controller::show($content, $charset = '', $contentType = '', $prefix = '') F:\wamp\www\food\Application\Admin\Controller\MerchantController.class.php 第 4 行.
SQL: SHOW COLUMNS FROM `merchant` [ RunTime:0.0360s ]
SQL: SELECT * FROM `merchant` WHERE `id` = 2 LIMIT 1   [ RunTime:0.0090s ]

[ 2015-06-02T23:06:45+08:00 ] 127.0.0.1 /Admin/Merchant/show
INFO: [ app_begin ] --START--
INFO: Run Behavior\ReadHtmlCacheBehavior [ RunTime:0.001001s ]
INFO: [ app_begin ] --END-- [ RunTime:0.003001s ]
NOTIC: [2048] Declaration of Admin\Controller\MerchantController::show() should be compatible with Think\Controller::show($content, $charset = '', $contentType = '', $prefix = '') F:\wamp\www\food\Application\Admin\Controller\MerchantController.class.php 第 4 行.
SQL: SHOW COLUMNS FROM `merchant` [ RunTime:0.0490s ]
SQL: SHOW COLUMNS FROM `order` [ RunTime:0.0110s ]
SQL: SHOW COLUMNS FROM `food` [ RunTime:0.0100s ]
SQL: SELECT * FROM `merchant` WHERE `id` = 1 LIMIT 1   [ RunTime:0.0010s ]

